c:\users\27670\source\repos\richserver\x64\release\vc143.pdb
c:\users\27670\source\repos\richserver\x64\release\sockbuffer.obj
c:\users\27670\source\repos\richserver\x64\release\skill.obj
c:\users\27670\source\repos\richserver\x64\release\reader.obj
c:\users\27670\source\repos\richserver\x64\release\player.obj
c:\users\27670\source\repos\richserver\x64\release\observatory.obj
c:\users\27670\source\repos\richserver\x64\release\magicschool.obj
c:\users\27670\source\repos\richserver\x64\release\magician.obj
c:\users\27670\source\repos\richserver\x64\release\library.obj
c:\users\27670\source\repos\richserver\x64\release\laboratory.obj
c:\users\27670\source\repos\richserver\x64\release\king.obj
c:\users\27670\source\repos\richserver\x64\release\killer.obj
c:\users\27670\source\repos\richserver\x64\release\keep.obj
c:\users\27670\source\repos\richserver\x64\release\hauntedcity.obj
c:\users\27670\source\repos\richserver\x64\release\greatwall.obj
c:\users\27670\source\repos\richserver\x64\release\graveyard.obj
c:\users\27670\source\repos\richserver\x64\release\gameflow.obj
c:\users\27670\source\repos\richserver\x64\release\dragongate.obj
c:\users\27670\source\repos\richserver\x64\release\communicate.obj
c:\users\27670\source\repos\richserver\x64\release\architect.obj
c:\users\27670\source\repos\richserver\x64\release\abbot.obj
c:\users\27670\source\repos\richserver\x64\release\workshop.obj
c:\users\27670\source\repos\richserver\x64\release\observer.obj
c:\users\27670\source\repos\richserver\x64\release\warload.obj
c:\users\27670\source\repos\richserver\x64\release\university.obj
c:\users\27670\source\repos\richserver\x64\release\trader.obj
c:\users\27670\source\repos\richserver\x64\release\main.obj
c:\users\27670\source\repos\richserver\x64\release\character.obj
c:\users\27670\source\repos\richserver\x64\release\tool.obj
c:\users\27670\source\repos\richserver\x64\release\thief.obj
c:\users\27670\source\repos\richserver\x64\release\building.obj
c:\users\27670\source\repos\richserver\x64\release\witch.obj
c:\users\27670\source\repos\richserver\x64\release\spy.obj
c:\users\27670\source\repos\richserver\x64\release\master.obj
c:\users\27670\source\repos\richserver\x64\release\emperor.obj
c:\users\27670\source\repos\richserver\x64\release\pilot.obj
c:\users\27670\source\repos\richserver\x64\release\friar.obj
c:\users\27670\source\repos\richserver\x64\release\diplomat.obj
c:\users\27670\source\repos\richserver\x64\release\alchemist.obj
c:\users\27670\source\repos\richserver\x64\release\administrator.obj
c:\users\27670\source\repos\richserver\x64\release\noble.obj
c:\users\27670\source\repos\richserver\x64\release\blackmailer.obj
c:\users\27670\source\repos\richserver\x64\release\prophet.obj
c:\users\27670\source\repos\richserver\x64\release\bishop.obj
c:\users\27670\source\repos\richserver\x64\release\merchant.obj
c:\users\27670\source\repos\richserver\x64\release\scholar.obj
c:\users\27670\source\repos\richserver\x64\release\richserver.exe
c:\users\27670\source\repos\richserver\x64\release\richserver.pdb
c:\users\27670\source\repos\richserver\x64\release\rich.res
c:\users\27670\source\repos\richserver\x64\release\richserver.ipdb
c:\users\27670\source\repos\richserver\x64\release\richserver.iobj
c:\users\27670\source\repos\richserver\x64\release\richserver.tlog\cl.command.1.tlog
c:\users\27670\source\repos\richserver\x64\release\richserver.tlog\cl.read.1.tlog
c:\users\27670\source\repos\richserver\x64\release\richserver.tlog\cl.write.1.tlog
c:\users\27670\source\repos\richserver\x64\release\richserver.tlog\link.command.1.tlog
c:\users\27670\source\repos\richserver\x64\release\richserver.tlog\link.read.1.tlog
c:\users\27670\source\repos\richserver\x64\release\richserver.tlog\link.write.1.tlog
c:\users\27670\source\repos\richserver\x64\release\richserver.tlog\rc.command.1.tlog
c:\users\27670\source\repos\richserver\x64\release\richserver.tlog\rc.read.1.tlog
c:\users\27670\source\repos\richserver\x64\release\richserver.tlog\rc.write.1.tlog
c:\users\27670\source\repos\richserver\x64\release\richserver.tlog\richserver.write.1u.tlog
